<?xml version="1.0" encoding="UTF-8"?>
<!-- Generated by org.testng.reporters.JUnitReportReporter -->
<testsuite hostname="LAPTOP-T7PI7EN2" failures="0" tests="1" name="testcases.ShopTest" time="0.000" errors="0" timestamp="2024-08-09T17:22:06 IST" skipped="1">
  <testcase classname="testcases.ShopTest" name="productsearch" time="0.000">
    <skipped/>
  </testcase> <!-- productsearch -->
  <system-out/>
</testsuite> <!-- testcases.ShopTest -->
