<?xml version="1.0" encoding="UTF-8"?>
<!-- Generated by org.testng.reporters.JUnitReportReporter -->
<testsuite hostname="LAPTOP-T7PI7EN2" failures="0" tests="1" name="testcases.NewUser" time="2.371" errors="0" timestamp="2024-08-09T17:22:06 IST" skipped="0">
  <testcase classname="testcases.NewUser" name="usertest" time="2.371"/>
  <system-out/>
</testsuite> <!-- testcases.NewUser -->
