<?xml version="1.0" encoding="UTF-8"?>
<!-- Generated by org.testng.reporters.JUnitReportReporter -->
<testsuite hostname="LAPTOP-T7PI7EN2" failures="0" tests="2" name="testcases.LoginTest" time="0.000" errors="0" timestamp="2024-08-09T17:22:06 IST" skipped="2">
  <testcase classname="testcases.LoginTest" name="useridTest" time="0.000">
    <skipped/>
  </testcase> <!-- useridTest -->
  <system-out/>
  <testcase classname="testcases.LoginTest" name="passwordTest" time="0.000">
    <skipped/>
  </testcase> <!-- passwordTest -->
  <system-out/>
</testsuite> <!-- testcases.LoginTest -->
