<?xml version="1.0" encoding="UTF-8"?>
<!-- Generated by org.testng.reporters.JUnitReportReporter -->
<testsuite hostname="LAPTOP-T7PI7EN2" failures="0" tests="3" name="testcases.ShopTest" time="14.012" errors="0" timestamp="2024-08-16T16:43:44 IST" skipped="0">
  <testcase classname="testcases.ShopTest" name="productsearch" time="4.557"/>
  <system-out/>
  <testcase classname="testcases.ShopTest" name="productsearch" time="4.132"/>
  <system-out/>
  <testcase classname="testcases.ShopTest" name="productsearch" time="5.323"/>
  <system-out/>
</testsuite> <!-- testcases.ShopTest -->
