<?xml version="1.0" encoding="UTF-8"?>
<!-- Generated by org.testng.reporters.JUnitReportReporter -->
<testsuite hostname="LAPTOP-T7PI7EN2" failures="0" tests="2" name="testcases.LoginTest" time="19.689" errors="0" timestamp="2024-08-16T16:43:44 IST" skipped="0">
  <testcase classname="testcases.LoginTest" name="useridTest" time="7.083"/>
  <system-out/>
  <testcase classname="testcases.LoginTest" name="passwordTest" time="12.606"/>
  <system-out/>
</testsuite> <!-- testcases.LoginTest -->
