<?xml version="1.0" encoding="UTF-8"?>
<!-- Generated by org.testng.reporters.JUnitReportReporter -->
<testsuite hostname="LAPTOP-T7PI7EN2" failures="0" tests="1" name="testcases.NewUser" time="0.000" errors="0" timestamp="2024-08-16T16:43:44 IST" skipped="1">
  <testcase classname="testcases.NewUser" name="usertest" time="0.000">
    <skipped/>
  </testcase> <!-- usertest -->
  <system-out/>
</testsuite> <!-- testcases.NewUser -->
